<?xml version="1.0" encoding="UTF-8"?>
<!-- Generated by org.testng.reporters.JUnitReportReporter -->
<testsuite skipped="0" hostname="Saiful-PC" name="rased.fizurTest" tests="4" failures="0" timestamp="2020-05-13T19:06:19 EDT" time="38.604" errors="0">
  <testcase name="lbrowser" time="15.606" classname="rased.fizurTest"/>
  <system-out/>
  <testcase name="lbrowser1" time="10.946" classname="rased.fizurTest"/>
  <system-out/>
  <testcase name="check" time="0.007" classname="rased.fizurTest"/>
  <system-out/>
  <testcase name="lbrowser2" time="12.045" classname="rased.fizurTest"/>
  <system-out/>
</testsuite> <!-- rased.fizurTest -->
