<?xml version="1.0" encoding="UTF-8"?>
<!-- Generated by org.testng.reporters.JUnitReportReporter -->
<testsuite skipped="0" hostname="Saiful-PC" name="rased.hasuTest" tests="1" failures="0" timestamp="2020-05-13T16:40:01 EDT" time="0.002" errors="0">
  <testcase name="asa1" time="0.002" classname="rased.hasuTest"/>
  <system-out/>
</testsuite> <!-- rased.hasuTest -->
