<?xml version="1.0" encoding="UTF-8"?>
<!-- Generated by org.testng.reporters.JUnitReportReporter -->
<testsuite skipped="0" hostname="Saiful-PC" name="rased.rasuTest" tests="1" failures="0" timestamp="2020-07-18T17:05:16 EDT" time="0.014" errors="0">
  <testcase name="sas2" time="0.014" classname="rased.rasuTest"/>
  <system-out/>
</testsuite> <!-- rased.rasuTest -->
