<?xml version="1.0" encoding="UTF-8"?>
<!-- Generated by org.testng.reporters.JUnitReportReporter -->
<testsuite skipped="0" hostname="Saiful-PC" name="rased.fizurTest" tests="2" failures="0" timestamp="2020-05-13T18:51:02 EDT" time="15.960" errors="0">
  <testcase name="lbrowser" time="15.958" classname="rased.fizurTest"/>
  <system-out/>
  <testcase name="check" time="0.002" classname="rased.fizurTest"/>
  <system-out/>
</testsuite> <!-- rased.fizurTest -->
